0 verbose cli /usr/local/bin/node /usr/local/bin/npm
1 info using npm@10.9.2
2 info using node@v22.14.0
3 silly config load:file:/usr/local/lib/node_modules/npm/npmrc
4 silly config load:file:/Users/mac/Documents/finance/qureka-backend/.npmrc
5 silly config load:file:/Users/mac/.npmrc
6 silly config load:file:/usr/local/etc/npmrc
7 verbose title npm install @types/morgan
8 verbose argv "install" "--save-dev" "@types/morgan"
9 verbose logfile logs-max:10 dir:/Users/mac/Documents/finance/.npm-cache/_logs/2025-11-07T14_47_50_251Z-
10 verbose logfile /Users/mac/Documents/finance/.npm-cache/_logs/2025-11-07T14_47_50_251Z-debug-0.log
11 silly logfile done cleaning log files
12 silly packumentCache heap:4345298944 maxSize:1086324736 maxEntrySize:543162368
13 silly idealTree buildDeps
14 silly fetch manifest @types/morgan@*
15 silly packumentCache full:https://registry.npmjs.org/@types%2fmorgan cache-miss
16 http fetch GET 200 https://registry.npmjs.org/@types%2fmorgan 852ms (cache miss)
17 silly packumentCache full:https://registry.npmjs.org/@types%2fmorgan set size:undefined disposed:false
18 silly placeDep ROOT @types/morgan@1.9.10 OK for: qureka-backend@1.0.0 want: *
19 silly reify moves {}
20 silly audit bulk request {
20 silly audit   '@cspotcode/source-map-support': [ '0.8.1' ],
20 silly audit   '@eslint-community/eslint-utils': [ '4.9.0' ],
20 silly audit   '@eslint-community/regexpp': [ '4.12.2' ],
20 silly audit   '@eslint/config-array': [ '0.21.1' ],
20 silly audit   'brace-expansion': [ '1.1.12', '2.0.2' ],
20 silly audit   minimatch: [ '3.1.2', '9.0.5' ],
20 silly audit   '@eslint/config-helpers': [ '0.4.2' ],
20 silly audit   '@eslint/core': [ '0.17.0' ],
20 silly audit   '@eslint/eslintrc': [ '3.3.1' ],
20 silly audit   ignore: [ '5.3.2', '7.0.5' ],
20 silly audit   '@eslint/js': [ '9.39.1' ],
20 silly audit   '@eslint/object-schema': [ '2.1.7' ],
20 silly audit   '@eslint/plugin-kit': [ '0.4.1' ],
20 silly audit   '@humanfs/core': [ '0.19.1' ],
20 silly audit   '@humanfs/node': [ '0.16.7' ],
20 silly audit   '@humanwhocodes/module-importer': [ '1.0.1' ],
20 silly audit   '@humanwhocodes/retry': [ '0.4.3' ],
20 silly audit   '@jridgewell/resolve-uri': [ '3.1.2' ],
20 silly audit   '@jridgewell/sourcemap-codec': [ '1.5.5' ],
20 silly audit   '@jridgewell/trace-mapping': [ '0.3.9' ],
20 silly audit   '@mongodb-js/saslprep': [ '1.3.2' ],
20 silly audit   '@nodelib/fs.scandir': [ '2.1.5' ],
20 silly audit   '@nodelib/fs.stat': [ '2.0.5' ],
20 silly audit   '@nodelib/fs.walk': [ '1.2.8' ],
20 silly audit   '@rtsao/scc': [ '1.1.0' ],
20 silly audit   '@socket.io/component-emitter': [ '3.1.2' ],
20 silly audit   '@tsconfig/node10': [ '1.0.11' ],
20 silly audit   '@tsconfig/node12': [ '1.0.11' ],
20 silly audit   '@tsconfig/node14': [ '1.0.3' ],
20 silly audit   '@tsconfig/node16': [ '1.0.4' ],
20 silly audit   '@types/bcryptjs': [ '2.4.6' ],
20 silly audit   '@types/body-parser': [ '1.19.6' ],
20 silly audit   '@types/connect': [ '3.4.38' ],
20 silly audit   '@types/cookie-parser': [ '1.4.10' ],
20 silly audit   '@types/cors': [ '2.8.19' ],
20 silly audit   '@types/estree': [ '1.0.8' ],
20 silly audit   '@types/express': [ '5.0.5' ],
20 silly audit   '@types/express-serve-static-core': [ '5.1.0' ],
20 silly audit   '@types/http-errors': [ '2.0.5' ],
20 silly audit   '@types/json-schema': [ '7.0.15' ],
20 silly audit   '@types/json5': [ '0.0.29' ],
20 silly audit   '@types/jsonwebtoken': [ '9.0.10' ],
20 silly audit   '@types/mime': [ '1.3.5' ],
20 silly audit   '@types/ms': [ '2.1.0' ],
20 silly audit   '@types/node': [ '24.10.0' ],
20 silly audit   '@types/qs': [ '6.14.0' ],
20 silly audit   '@types/range-parser': [ '1.2.7' ],
20 silly audit   '@types/send': [ '1.2.1', '0.17.6' ],
20 silly audit   '@types/serve-static': [ '1.15.10' ],
20 silly audit   '@types/strip-bom': [ '3.0.0' ],
20 silly audit   '@types/strip-json-comments': [ '0.0.30' ],
20 silly audit   '@types/webidl-conversions': [ '7.0.3' ],
20 silly audit   '@types/whatwg-url': [ '11.0.5' ],
20 silly audit   '@typescript-eslint/eslint-plugin': [ '8.46.3' ],
20 silly audit   '@typescript-eslint/parser': [ '8.46.3' ],
20 silly audit   '@typescript-eslint/project-service': [ '8.46.3' ],
20 silly audit   '@typescript-eslint/scope-manager': [ '8.46.3' ],
20 silly audit   '@typescript-eslint/tsconfig-utils': [ '8.46.3' ],
20 silly audit   '@typescript-eslint/type-utils': [ '8.46.3' ],
20 silly audit   '@typescript-eslint/types': [ '8.46.3' ],
20 silly audit   '@typescript-eslint/typescript-estree': [ '8.46.3' ],
20 silly audit   '@typescript-eslint/utils': [ '8.46.3' ],
20 silly audit   '@typescript-eslint/visitor-keys': [ '8.46.3' ],
20 silly audit   'eslint-visitor-keys': [ '4.2.1', '3.4.3' ],
20 silly audit   accepts: [ '2.0.0', '1.3.8' ],
20 silly audit   acorn: [ '8.15.0' ],
20 silly audit   'acorn-jsx': [ '5.3.2' ],
20 silly audit   'acorn-walk': [ '8.3.4' ],
20 silly audit   ajv: [ '6.12.6' ],
20 silly audit   'ansi-styles': [ '4.3.0' ],
20 silly audit   anymatch: [ '3.1.3' ],
20 silly audit   arg: [ '4.1.3' ],
20 silly audit   argparse: [ '2.0.1' ],
20 silly audit   'array-buffer-byte-length': [ '1.0.2' ],
20 silly audit   'array-includes': [ '3.1.9' ],
20 silly audit   'array.prototype.findlastindex': [ '1.2.6' ],
20 silly audit   'array.prototype.flat': [ '1.3.3' ],
20 silly audit   'array.prototype.flatmap': [ '1.3.3' ],
20 silly audit   'arraybuffer.prototype.slice': [ '1.0.4' ],
20 silly audit   'async-function': [ '1.0.0' ],
20 silly audit   'available-typed-arrays': [ '1.0.7' ],
20 silly audit   'balanced-match': [ '1.0.2' ],
20 silly audit   base64id: [ '2.0.0' ],
20 silly audit   'basic-auth': [ '2.0.1' ],
20 silly audit   'safe-buffer': [ '5.1.2', '5.2.1' ],
20 silly audit   bcryptjs: [ '3.0.3' ],
20 silly audit   'binary-extensions': [ '2.3.0' ],
20 silly audit   'body-parser': [ '2.2.0' ],
20 silly audit   braces: [ '3.0.3' ],
20 silly audit   bson: [ '6.10.4' ],
20 silly audit   'buffer-equal-constant-time': [ '1.0.1' ],
20 silly audit   'buffer-from': [ '1.1.2' ],
20 silly audit   bytes: [ '3.1.2' ],
20 silly audit   'call-bind': [ '1.0.8' ],
20 silly audit   'call-bind-apply-helpers': [ '1.0.2' ],
20 silly audit   'call-bound': [ '1.0.4' ],
20 silly audit   callsites: [ '3.1.0' ],
20 silly audit   chalk: [ '4.1.2' ],
20 silly audit   chokidar: [ '3.6.0' ],
20 silly audit   'glob-parent': [ '5.1.2', '6.0.2' ],
20 silly audit   'color-convert': [ '2.0.1' ],
20 silly audit   'color-name': [ '1.1.4' ],
20 silly audit   'concat-map': [ '0.0.1' ],
20 silly audit   'content-disposition': [ '1.0.0' ],
20 silly audit   'content-type': [ '1.0.5' ],
20 silly audit   cookie: [ '0.7.2' ],
20 silly audit   'cookie-parser': [ '1.4.7' ],
20 silly audit   'cookie-signature': [ '1.0.6', '1.2.2' ],
20 silly audit   cors: [ '2.8.5' ],
20 silly audit   'create-require': [ '1.1.1' ],
20 silly audit   'cross-spawn': [ '7.0.6' ],
20 silly audit   'data-view-buffer': [ '1.0.2' ],
20 silly audit   'data-view-byte-length': [ '1.0.2' ],
20 silly audit   'data-view-byte-offset': [ '1.0.1' ],
20 silly audit   debug: [ '4.4.3', '4.3.7', '3.2.7', '2.6.9' ],
20 silly audit   'deep-is': [ '0.1.4' ],
20 silly audit   'define-data-property': [ '1.1.4' ],
20 silly audit   'define-properties': [ '1.2.1' ],
20 silly audit   depd: [ '2.0.0' ],
20 silly audit   diff: [ '4.0.2' ],
20 silly audit   doctrine: [ '2.1.0' ],
20 silly audit   dotenv: [ '17.2.3' ],
20 silly audit   'dunder-proto': [ '1.0.1' ],
20 silly audit   'dynamic-dedupe': [ '0.3.0' ],
20 silly audit   'ecdsa-sig-formatter': [ '1.0.11' ],
20 silly audit   'ee-first': [ '1.1.1' ],
20 silly audit   encodeurl: [ '2.0.0' ],
20 silly audit   'engine.io': [ '6.6.4' ],
20 silly audit   'engine.io-parser': [ '5.2.3' ],
20 silly audit   'mime-db': [ '1.52.0', '1.54.0' ],
20 silly audit   'mime-types': [ '2.1.35', '3.0.1' ],
20 silly audit   negotiator: [ '0.6.3', '1.0.0' ],
20 silly audit   'es-abstract': [ '1.24.0' ],
20 silly audit   'es-define-property': [ '1.0.1' ],
20 silly audit   'es-errors': [ '1.3.0' ],
20 silly audit   'es-object-atoms': [ '1.1.1' ],
20 silly audit   'es-set-tostringtag': [ '2.1.0' ],
20 silly audit   'es-shim-unscopables': [ '1.1.0' ],
20 silly audit   'es-to-primitive': [ '1.3.0' ],
20 silly audit   'escape-html': [ '1.0.3' ],
20 silly audit   'escape-string-regexp': [ '4.0.0' ],
20 silly audit   eslint: [ '9.39.1' ],
20 silly audit   'eslint-config-prettier': [ '10.1.8' ],
20 silly audit   'eslint-import-resolver-node': [ '0.3.9' ],
20 silly audit   'eslint-module-utils': [ '2.12.1' ],
20 silly audit   'eslint-plugin-import': [ '2.32.0' ],
20 silly audit   semver: [ '6.3.1', '7.7.3' ],
20 silly audit   'eslint-scope': [ '8.4.0' ],
20 silly audit   espree: [ '10.4.0' ],
20 silly audit   esquery: [ '1.6.0' ],
20 silly audit   esrecurse: [ '4.3.0' ],
20 silly audit   estraverse: [ '5.3.0' ],
20 silly audit   esutils: [ '2.0.3' ],
20 silly audit   etag: [ '1.8.1' ],
20 silly audit   express: [ '5.1.0' ],
20 silly audit   'fast-deep-equal': [ '3.1.3' ],
20 silly audit   'fast-glob': [ '3.3.3' ],
20 silly audit   'fast-json-stable-stringify': [ '2.1.0' ],
20 silly audit   'fast-levenshtein': [ '2.0.6' ],
20 silly audit   fastq: [ '1.19.1' ],
20 silly audit   'file-entry-cache': [ '8.0.0' ],
20 silly audit   'fill-range': [ '7.1.1' ],
20 silly audit   finalhandler: [ '2.1.0' ],
20 silly audit   'find-up': [ '5.0.0' ],
20 silly audit   'flat-cache': [ '4.0.1' ],
20 silly audit   flatted: [ '3.3.3' ],
20 silly audit   'for-each': [ '0.3.5' ],
20 silly audit   forwarded: [ '0.2.0' ],
20 silly audit   fresh: [ '2.0.0' ],
20 silly audit   'fs.realpath': [ '1.0.0' ],
20 silly audit   fsevents: [ '2.3.3' ],
20 silly audit   'function-bind': [ '1.1.2' ],
20 silly audit   'function.prototype.name': [ '1.1.8' ],
20 silly audit   'functions-have-names': [ '1.2.3' ],
20 silly audit   'generator-function': [ '2.0.1' ],
20 silly audit   'get-intrinsic': [ '1.3.0' ],
20 silly audit   'get-proto': [ '1.0.1' ],
20 silly audit   'get-symbol-description': [ '1.1.0' ],
20 silly audit   glob: [ '7.2.3' ],
20 silly audit   globals: [ '14.0.0' ],
20 silly audit   globalthis: [ '1.0.4' ],
20 silly audit   gopd: [ '1.2.0' ],
20 silly audit   graphemer: [ '1.4.0' ],
20 silly audit   'has-bigints': [ '1.1.0' ],
20 silly audit   'has-flag': [ '4.0.0' ],
20 silly audit   'has-property-descriptors': [ '1.0.2' ],
20 silly audit   'has-proto': [ '1.2.0' ],
20 silly audit   'has-symbols': [ '1.1.0' ],
20 silly audit   'has-tostringtag': [ '1.0.2' ],
20 silly audit   hasown: [ '2.0.2' ],
20 silly audit   helmet: [ '8.1.0' ],
20 silly audit   'http-errors': [ '2.0.0' ],
20 silly audit   statuses: [ '2.0.1', '2.0.2' ],
20 silly audit   'iconv-lite': [ '0.6.3', '0.7.0' ],
20 silly audit   'import-fresh': [ '3.3.1' ],
20 silly audit   imurmurhash: [ '0.1.4' ],
20 silly audit   inflight: [ '1.0.6' ],
20 silly audit   inherits: [ '2.0.4' ],
20 silly audit   'internal-slot': [ '1.1.0' ],
20 silly audit   'ipaddr.js': [ '1.9.1' ],
20 silly audit   'is-array-buffer': [ '3.0.5' ],
20 silly audit   'is-async-function': [ '2.1.1' ],
20 silly audit   'is-bigint': [ '1.1.0' ],
20 silly audit   'is-binary-path': [ '2.1.0' ],
20 silly audit   'is-boolean-object': [ '1.2.2' ],
20 silly audit   'is-callable': [ '1.2.7' ],
20 silly audit   'is-core-module': [ '2.16.1' ],
20 silly audit   'is-data-view': [ '1.0.2' ],
20 silly audit   'is-date-object': [ '1.1.0' ],
20 silly audit   'is-extglob': [ '2.1.1' ],
20 silly audit   'is-finalizationregistry': [ '1.1.1' ],
20 silly audit   'is-generator-function': [ '1.1.2' ],
20 silly audit   'is-glob': [ '4.0.3' ],
20 silly audit   'is-map': [ '2.0.3' ],
20 silly audit   'is-negative-zero': [ '2.0.3' ],
20 silly audit   'is-number': [ '7.0.0' ],
20 silly audit   'is-number-object': [ '1.1.1' ],
20 silly audit   'is-promise': [ '4.0.0' ],
20 silly audit   'is-regex': [ '1.2.1' ],
20 silly audit   'is-set': [ '2.0.3' ],
20 silly audit   'is-shared-array-buffer': [ '1.0.4' ],
20 silly audit   'is-string': [ '1.1.1' ],
20 silly audit   'is-symbol': [ '1.1.1' ],
20 silly audit   'is-typed-array': [ '1.1.15' ],
20 silly audit   'is-weakmap': [ '2.0.2' ],
20 silly audit   'is-weakref': [ '1.1.1' ],
20 silly audit   'is-weakset': [ '2.0.4' ],
20 silly audit   isarray: [ '2.0.5' ],
20 silly audit   isexe: [ '2.0.0' ],
20 silly audit   'js-yaml': [ '4.1.0' ],
20 silly audit   'json-buffer': [ '3.0.1' ],
20 silly audit   'json-schema-traverse': [ '0.4.1' ],
20 silly audit   'json-stable-stringify-without-jsonify': [ '1.0.1' ],
20 silly audit   json5: [ '1.0.2' ],
20 silly audit   jsonwebtoken: [ '9.0.2' ],
20 silly audit   jwa: [ '1.4.2' ],
20 silly audit   jws: [ '3.2.2' ],
20 silly audit   kareem: [ '2.6.3' ],
20 silly audit   keyv: [ '4.5.4' ],
20 silly audit   levn: [ '0.4.1' ],
20 silly audit   'locate-path': [ '6.0.0' ],
20 silly audit   'lodash.includes': [ '4.3.0' ],
20 silly audit   'lodash.isboolean': [ '3.0.3' ],
20 silly audit   'lodash.isinteger': [ '4.0.4' ],
20 silly audit   'lodash.isnumber': [ '3.0.3' ],
20 silly audit   'lodash.isplainobject': [ '4.0.6' ],
20 silly audit   'lodash.isstring': [ '4.0.1' ],
20 silly audit   'lodash.merge': [ '4.6.2' ],
20 silly audit   'lodash.once': [ '4.1.1' ],
20 silly audit   'make-error': [ '1.3.6' ],
20 silly audit   'math-intrinsics': [ '1.1.0' ],
20 silly audit   'media-typer': [ '1.1.0' ],
20 silly audit   'memory-pager': [ '1.5.0' ],
20 silly audit   'merge-descriptors': [ '2.0.0' ],
20 silly audit   merge2: [ '1.4.1' ],
20 silly audit   micromatch: [ '4.0.8' ],
20 silly audit   minimist: [ '1.2.8' ],
20 silly audit   mkdirp: [ '1.0.4' ],
20 silly audit   mongodb: [ '6.20.0' ],
20 silly audit   'mongodb-connection-string-url': [ '3.0.2' ],
20 silly audit   mongoose: [ '8.19.3' ],
20 silly audit   morgan: [ '1.10.1' ],
20 silly audit   ms: [ '2.0.0', '2.1.3' ],
20 silly audit   'on-finished': [ '2.3.0', '2.4.1' ],
20 silly audit   mpath: [ '0.9.0' ],
20 silly audit   mquery: [ '5.0.0' ],
20 silly audit   'natural-compare': [ '1.4.0' ],
20 silly audit   'normalize-path': [ '3.0.0' ],
20 silly audit   'object-assign': [ '4.1.1' ],
20 silly audit   'object-inspect': [ '1.13.4' ],
20 silly audit   'object-keys': [ '1.1.1' ],
20 silly audit   'object.assign': [ '4.1.7' ],
20 silly audit   'object.fromentries': [ '2.0.8' ],
20 silly audit   'object.groupby': [ '1.0.3' ],
20 silly audit   'object.values': [ '1.2.1' ],
20 silly audit   'on-headers': [ '1.1.0' ],
20 silly audit   once: [ '1.4.0' ],
20 silly audit   optionator: [ '0.9.4' ],
20 silly audit   'own-keys': [ '1.0.1' ],
20 silly audit   'p-limit': [ '3.1.0' ],
20 silly audit   'p-locate': [ '5.0.0' ],
20 silly audit   'parent-module': [ '1.0.1' ],
20 silly audit   parseurl: [ '1.3.3' ],
20 silly audit   'path-exists': [ '4.0.0' ],
20 silly audit   'path-is-absolute': [ '1.0.1' ],
20 silly audit   'path-key': [ '3.1.1' ],
20 silly audit   'path-parse': [ '1.0.7' ],
20 silly audit   'path-to-regexp': [ '8.3.0' ],
20 silly audit   picomatch: [ '2.3.1' ],
20 silly audit   'possible-typed-array-names': [ '1.1.0' ],
20 silly audit   'prelude-ls': [ '1.2.1' ],
20 silly audit   prettier: [ '3.6.2' ],
20 silly audit   'proxy-addr': [ '2.0.7' ],
20 silly audit   punycode: [ '2.3.1' ],
20 silly audit   qs: [ '6.14.0' ],
20 silly audit   'queue-microtask': [ '1.2.3' ],
20 silly audit   'range-parser': [ '1.2.1' ],
20 silly audit   'raw-body': [ '3.0.1' ],
20 silly audit   readdirp: [ '3.6.0' ],
20 silly audit   'reflect.getprototypeof': [ '1.0.10' ],
20 silly audit   'regexp.prototype.flags': [ '1.5.4' ],
20 silly audit   resolve: [ '1.22.11' ],
20 silly audit   'resolve-from': [ '4.0.0' ],
20 silly audit   reusify: [ '1.1.0' ],
20 silly audit   rimraf: [ '2.7.1' ],
20 silly audit   router: [ '2.2.0' ],
20 silly audit   'run-parallel': [ '1.2.0' ],
20 silly audit   'safe-array-concat': [ '1.1.3' ],
20 silly audit   'safe-push-apply': [ '1.0.0' ],
20 silly audit   'safe-regex-test': [ '1.1.0' ],
20 silly audit   'safer-buffer': [ '2.1.2' ],
20 silly audit   send: [ '1.2.0' ],
20 silly audit   'serve-static': [ '2.2.0' ],
20 silly audit   'set-function-length': [ '1.2.2' ],
20 silly audit   'set-function-name': [ '2.0.2' ],
20 silly audit   'set-proto': [ '1.0.0' ],
20 silly audit   setprototypeof: [ '1.2.0' ],
20 silly audit   'shebang-command': [ '2.0.0' ],
20 silly audit   'shebang-regex': [ '3.0.0' ],
20 silly audit   'side-channel': [ '1.1.0' ],
20 silly audit   'side-channel-list': [ '1.0.0' ],
20 silly audit   'side-channel-map': [ '1.0.1' ],
20 silly audit   'side-channel-weakmap': [ '1.0.2' ],
20 silly audit   sift: [ '17.1.3' ],
20 silly audit   'socket.io': [ '4.8.1' ],
20 silly audit   'socket.io-adapter': [ '2.5.5' ],
20 silly audit   'socket.io-parser': [ '4.2.4' ],
20 silly audit   'source-map': [ '0.6.1' ],
20 silly audit   'source-map-support': [ '0.5.21' ],
20 silly audit   'sparse-bitfield': [ '3.0.3' ],
20 silly audit   'stop-iteration-iterator': [ '1.1.0' ],
20 silly audit   'string.prototype.trim': [ '1.2.10' ],
20 silly audit   'string.prototype.trimend': [ '1.0.9' ],
20 silly audit   'string.prototype.trimstart': [ '1.0.8' ],
20 silly audit   'strip-bom': [ '3.0.0' ],
20 silly audit   'strip-json-comments': [ '3.1.1', '2.0.1' ],
20 silly audit   'supports-color': [ '7.2.0' ],
20 silly audit   'supports-preserve-symlinks-flag': [ '1.0.0' ],
20 silly audit   'to-regex-range': [ '5.0.1' ],
20 silly audit   toidentifier: [ '1.0.1' ],
20 silly audit   tr46: [ '5.1.1' ],
20 silly audit   'tree-kill': [ '1.2.2' ],
20 silly audit   'ts-api-utils': [ '2.1.0' ],
20 silly audit   'ts-node': [ '10.9.2' ],
20 silly audit   'ts-node-dev': [ '2.0.0' ],
20 silly audit   tsconfig: [ '7.0.0' ],
20 silly audit   'tsconfig-paths': [ '3.15.0' ],
20 silly audit   'type-check': [ '0.4.0' ],
20 silly audit   'type-is': [ '2.0.1' ],
20 silly audit   'typed-array-buffer': [ '1.0.3' ],
20 silly audit   'typed-array-byte-length': [ '1.0.3' ],
20 silly audit   'typed-array-byte-offset': [ '1.0.4' ],
20 silly audit   'typed-array-length': [ '1.0.7' ],
20 silly audit   typescript: [ '5.9.3' ],
20 silly audit   'unbox-primitive': [ '1.1.0' ],
20 silly audit   'undici-types': [ '7.16.0' ],
20 silly audit   unpipe: [ '1.0.0' ],
20 silly audit   'uri-js': [ '4.4.1' ],
20 silly audit   'v8-compile-cache-lib': [ '3.0.1' ],
20 silly audit   vary: [ '1.1.2' ],
20 silly audit   'webidl-conversions': [ '7.0.0' ],
20 silly audit   'whatwg-url': [ '14.2.0' ],
20 silly audit   which: [ '2.0.2' ],
20 silly audit   'which-boxed-primitive': [ '1.1.1' ],
20 silly audit   'which-builtin-type': [ '1.2.1' ],
20 silly audit   'which-collection': [ '1.0.2' ],
20 silly audit   'which-typed-array': [ '1.1.19' ],
20 silly audit   'word-wrap': [ '1.2.5' ],
20 silly audit   wrappy: [ '1.0.2' ],
20 silly audit   ws: [ '8.17.1' ],
20 silly audit   xtend: [ '4.0.2' ],
20 silly audit   yn: [ '3.1.1' ],
20 silly audit   'yocto-queue': [ '0.1.0' ],
20 silly audit   zod: [ '4.1.12' ],
20 silly audit   '@types/morgan': [ '1.9.10' ]
20 silly audit }
21 http cache fsevents@https://registry.npmjs.org/fsevents/-/fsevents-2.3.3.tgz 0ms (cache hit)
22 http cache @types/morgan@https://registry.npmjs.org/@types/morgan/-/morgan-1.9.10.tgz 0ms (cache hit)
23 silly tarball no local data for @types/morgan@https://registry.npmjs.org/@types/morgan/-/morgan-1.9.10.tgz. Extracting by manifest.
24 http fetch POST 200 https://registry.npmjs.org/-/npm/v1/security/advisories/bulk 467ms
25 silly audit report {}
26 http fetch GET 200 https://registry.npmjs.org/@types/morgan/-/morgan-1.9.10.tgz 1687ms (cache miss)
27 silly ADD node_modules/@types/morgan
28 silly ADD node_modules/fsevents
29 verbose cwd /Users/mac/Documents/finance/qureka-backend
30 verbose os Darwin 24.6.0
31 verbose node v22.14.0
32 verbose npm  v10.9.2
33 verbose exit 0
34 info ok
